\BOOKMARK [0][-]{chapter.1}{\376\377\0001\000\040\000C\000l\000a\000s\000s\000\040\000I\000n\000d\000e\000x}{}% 1
\BOOKMARK [1][-]{section.1.1}{\376\377\0001\000.\0001\000\040\000C\000l\000a\000s\000s\000\040\000L\000i\000s\000t}{chapter.1}% 2
\BOOKMARK [0][-]{chapter.2}{\376\377\0002\000\040\000F\000i\000l\000e\000\040\000I\000n\000d\000e\000x}{}% 3
\BOOKMARK [1][-]{section.2.1}{\376\377\0002\000.\0001\000\040\000F\000i\000l\000e\000\040\000L\000i\000s\000t}{chapter.2}% 4
\BOOKMARK [0][-]{chapter.3}{\376\377\0003\000\040\000C\000l\000a\000s\000s\000\040\000D\000o\000c\000u\000m\000e\000n\000t\000a\000t\000i\000o\000n}{}% 5
\BOOKMARK [1][-]{section.3.1}{\376\377\0003\000.\0001\000\040\000C\000i\000c\000l\000o\000s\000E\000P\000R\000O\000M\000\040\000S\000t\000r\000u\000c\000t\000\040\000R\000e\000f\000e\000r\000e\000n\000c\000e}{chapter.3}% 6
\BOOKMARK [2][-]{subsection.3.1.1}{\376\377\0003\000.\0001\000.\0001\000\040\000D\000e\000t\000a\000i\000l\000e\000d\000\040\000D\000e\000s\000c\000r\000i\000p\000t\000i\000o\000n}{section.3.1}% 7
\BOOKMARK [1][-]{section.3.2}{\376\377\0003\000.\0002\000\040\000C\000O\000E\000F\000F\000S\000\040\000S\000t\000r\000u\000c\000t\000\040\000R\000e\000f\000e\000r\000e\000n\000c\000e}{chapter.3}% 8
\BOOKMARK [2][-]{subsection.3.2.1}{\376\377\0003\000.\0002\000.\0001\000\040\000D\000e\000t\000a\000i\000l\000e\000d\000\040\000D\000e\000s\000c\000r\000i\000p\000t\000i\000o\000n}{section.3.2}% 9
\BOOKMARK [1][-]{section.3.3}{\376\377\0003\000.\0003\000\040\000C\000o\000n\000f\000i\000g\000u\000r\000a\000t\000i\000o\000n\000\137\000t\000\040\000S\000t\000r\000u\000c\000t\000\040\000R\000e\000f\000e\000r\000e\000n\000c\000e}{chapter.3}% 10
\BOOKMARK [2][-]{subsection.3.3.1}{\376\377\0003\000.\0003\000.\0001\000\040\000D\000e\000t\000a\000i\000l\000e\000d\000\040\000D\000e\000s\000c\000r\000i\000p\000t\000i\000o\000n}{section.3.3}% 11
\BOOKMARK [1][-]{section.3.4}{\376\377\0003\000.\0004\000\040\000M\000e\000c\000h\000\040\000C\000l\000a\000s\000s\000\040\000R\000e\000f\000e\000r\000e\000n\000c\000e}{chapter.3}% 12
\BOOKMARK [2][-]{subsection.3.4.1}{\376\377\0003\000.\0004\000.\0001\000\040\000D\000e\000t\000a\000i\000l\000e\000d\000\040\000D\000e\000s\000c\000r\000i\000p\000t\000i\000o\000n}{section.3.4}% 13
\BOOKMARK [1][-]{section.3.5}{\376\377\0003\000.\0005\000\040\000M\000e\000c\000h\000V\000e\000n\000t\000i\000l\000a\000t\000i\000o\000n\000\040\000C\000l\000a\000s\000s\000\040\000R\000e\000f\000e\000r\000e\000n\000c\000e}{chapter.3}% 14
\BOOKMARK [2][-]{subsection.3.5.1}{\376\377\0003\000.\0005\000.\0001\000\040\000D\000e\000t\000a\000i\000l\000e\000d\000\040\000D\000e\000s\000c\000r\000i\000p\000t\000i\000o\000n}{section.3.5}% 15
\BOOKMARK [2][-]{subsection.3.5.2}{\376\377\0003\000.\0005\000.\0002\000\040\000C\000o\000n\000s\000t\000r\000u\000c\000t\000o\000r\000\040\000\046\000\040\000D\000e\000s\000t\000r\000u\000c\000t\000o\000r\000\040\000D\000o\000c\000u\000m\000e\000n\000t\000a\000t\000i\000o\000n}{section.3.5}% 16
\BOOKMARK [3][-]{subsubsection.3.5.2.1}{\376\377\0003\000.\0005\000.\0002\000.\0001\000\040\000M\000e\000c\000h\000V\000e\000n\000t\000i\000l\000a\000t\000i\000o\000n\000\050\000\051}{subsection.3.5.2}% 17
\BOOKMARK [2][-]{subsection.3.5.3}{\376\377\0003\000.\0005\000.\0003\000\040\000M\000e\000m\000b\000e\000r\000\040\000F\000u\000n\000c\000t\000i\000o\000n\000\040\000D\000o\000c\000u\000m\000e\000n\000t\000a\000t\000i\000o\000n}{section.3.5}% 18
\BOOKMARK [3][-]{subsubsection.3.5.3.1}{\376\377\0003\000.\0005\000.\0003\000.\0001\000\040\000a\000c\000t\000i\000v\000a\000t\000e\000R\000e\000c\000r\000u\000i\000t\000m\000e\000n\000t\000\050\000\051}{subsection.3.5.3}% 19
\BOOKMARK [3][-]{subsubsection.3.5.3.2}{\376\377\0003\000.\0005\000.\0003\000.\0002\000\040\000e\000v\000a\000l\000u\000a\000t\000e\000P\000r\000e\000s\000s\000u\000r\000e\000\050\000\051}{subsection.3.5.3}% 20
\BOOKMARK [3][-]{subsubsection.3.5.3.3}{\376\377\0003\000.\0005\000.\0003\000.\0003\000\040\000g\000e\000t\000A\000l\000a\000r\000m\000s\000\050\000\051}{subsection.3.5.3}% 21
\BOOKMARK [3][-]{subsubsection.3.5.3.4}{\376\377\0003\000.\0005\000.\0003\000.\0004\000\040\000g\000e\000t\000I\000n\000s\000u\000f\000l\000a\000t\000i\000o\000n\000T\000i\000m\000e\000A\000p\000p\000\050\000\051}{subsection.3.5.3}% 22
\BOOKMARK [3][-]{subsubsection.3.5.3.5}{\376\377\0003\000.\0005\000.\0003\000.\0005\000\040\000s\000e\000t\000A\000l\000a\000r\000m\000s\000\050\000\051}{subsection.3.5.3}% 23
\BOOKMARK [3][-]{subsubsection.3.5.3.6}{\376\377\0003\000.\0005\000.\0003\000.\0006\000\040\000s\000e\000t\000I\000n\000s\000u\000f\000l\000a\000t\000i\000o\000n\000T\000i\000m\000e\000\050\000\051}{subsection.3.5.3}% 24
\BOOKMARK [3][-]{subsubsection.3.5.3.7}{\376\377\0003\000.\0005\000.\0003\000.\0007\000\040\000s\000t\000a\000r\000t\000\050\000\051}{subsection.3.5.3}% 25
\BOOKMARK [3][-]{subsubsection.3.5.3.8}{\376\377\0003\000.\0005\000.\0003\000.\0008\000\040\000s\000t\000o\000p\000M\000e\000c\000h\000\050\000\051}{subsection.3.5.3}% 26
\BOOKMARK [3][-]{subsubsection.3.5.3.9}{\376\377\0003\000.\0005\000.\0003\000.\0009\000\040\000u\000p\000d\000a\000t\000e\000\050\000\051}{subsection.3.5.3}% 27
\BOOKMARK [1][-]{section.3.6}{\376\377\0003\000.\0006\000\040\000M\000P\000X\000\137\000P\000R\000E\000S\000S\000U\000R\000E\000\137\000S\000E\000N\000S\000O\000R\000\040\000C\000l\000a\000s\000s\000\040\000R\000e\000f\000e\000r\000e\000n\000c\000e}{chapter.3}% 28
\BOOKMARK [2][-]{subsection.3.6.1}{\376\377\0003\000.\0006\000.\0001\000\040\000D\000e\000t\000a\000i\000l\000e\000d\000\040\000D\000e\000s\000c\000r\000i\000p\000t\000i\000o\000n}{section.3.6}% 29
\BOOKMARK [2][-]{subsection.3.6.2}{\376\377\0003\000.\0006\000.\0002\000\040\000C\000o\000n\000s\000t\000r\000u\000c\000t\000o\000r\000\040\000\046\000\040\000D\000e\000s\000t\000r\000u\000c\000t\000o\000r\000\040\000D\000o\000c\000u\000m\000e\000n\000t\000a\000t\000i\000o\000n}{section.3.6}% 30
\BOOKMARK [3][-]{subsubsection.3.6.2.1}{\376\377\0003\000.\0006\000.\0002\000.\0001\000\040\000M\000P\000X\000\137\000P\000R\000E\000S\000S\000U\000R\000E\000\137\000S\000E\000N\000S\000O\000R\000\050\000\051}{subsection.3.6.2}% 31
\BOOKMARK [3][-]{subsubsection.3.6.2.2}{\376\377\0003\000.\0006\000.\0002\000.\0002\000\040\000\040\000M\000P\000X\000\137\000P\000R\000E\000S\000S\000U\000R\000E\000\137\000S\000E\000N\000S\000O\000R\000\050\000\051}{subsection.3.6.2}% 32
\BOOKMARK [2][-]{subsection.3.6.3}{\376\377\0003\000.\0006\000.\0003\000\040\000M\000e\000m\000b\000e\000r\000\040\000F\000u\000n\000c\000t\000i\000o\000n\000\040\000D\000o\000c\000u\000m\000e\000n\000t\000a\000t\000i\000o\000n}{section.3.6}% 33
\BOOKMARK [3][-]{subsubsection.3.6.3.1}{\376\377\0003\000.\0006\000.\0003\000.\0001\000\040\000a\000u\000t\000o\000a\000j\000u\000s\000t\000e\000\050\000\051}{subsection.3.6.3}% 34
\BOOKMARK [3][-]{subsubsection.3.6.3.2}{\376\377\0003\000.\0006\000.\0003\000.\0002\000\040\000g\000e\000t\000O\000f\000f\000s\000e\000t\000V\000a\000l\000u\000e\000\050\000\051}{subsection.3.6.3}% 35
\BOOKMARK [3][-]{subsubsection.3.6.3.3}{\376\377\0003\000.\0006\000.\0003\000.\0003\000\040\000M\000P\000X\000\137\000C\000O\000N\000V\000E\000R\000T\000\137\000c\000m\000H\0002\0000\000\050\000\051}{subsection.3.6.3}% 36
\BOOKMARK [3][-]{subsubsection.3.6.3.4}{\376\377\0003\000.\0006\000.\0003\000.\0004\000\040\000M\000P\000X\000\137\000C\000O\000N\000V\000E\000R\000T\000\137\000P\000R\000E\000S\000S\000U\000R\000E\000\050\000\051}{subsection.3.6.3}% 37
\BOOKMARK [3][-]{subsubsection.3.6.3.5}{\376\377\0003\000.\0006\000.\0003\000.\0005\000\040\000M\000P\000X\000\137\000R\000E\000A\000D\000\137\000P\000R\000E\000S\000S\000U\000R\000E\000\050\000\051}{subsection.3.6.3}% 38
\BOOKMARK [3][-]{subsubsection.3.6.3.6}{\376\377\0003\000.\0006\000.\0003\000.\0006\000\040\000M\000P\000X\000\137\000S\000E\000T\000\137\000A\000D\000C\000\050\000\051}{subsection.3.6.3}% 39
\BOOKMARK [3][-]{subsubsection.3.6.3.7}{\376\377\0003\000.\0006\000.\0003\000.\0007\000\040\000s\000e\000t\000O\000f\000f\000s\000e\000t\000V\000a\000l\000u\000e\000\050\000\051}{subsection.3.6.3}% 40
\BOOKMARK [1][-]{section.3.7}{\376\377\0003\000.\0007\000\040\000S\000e\000n\000s\000o\000r\000e\000s\000\040\000C\000l\000a\000s\000s\000\040\000R\000e\000f\000e\000r\000e\000n\000c\000e}{chapter.3}% 41
\BOOKMARK [2][-]{subsection.3.7.1}{\376\377\0003\000.\0007\000.\0001\000\040\000D\000e\000t\000a\000i\000l\000e\000d\000\040\000D\000e\000s\000c\000r\000i\000p\000t\000i\000o\000n}{section.3.7}% 42
\BOOKMARK [1][-]{section.3.8}{\376\377\0003\000.\0008\000\040\000S\000e\000n\000s\000o\000r\000L\000a\000s\000t\000P\000r\000e\000s\000s\000u\000r\000e\000\137\000t\000\040\000S\000t\000r\000u\000c\000t\000\040\000R\000e\000f\000e\000r\000e\000n\000c\000e}{chapter.3}% 43
\BOOKMARK [2][-]{subsection.3.8.1}{\376\377\0003\000.\0008\000.\0001\000\040\000D\000e\000t\000a\000i\000l\000e\000d\000\040\000D\000e\000s\000c\000r\000i\000p\000t\000i\000o\000n}{section.3.8}% 44
\BOOKMARK [1][-]{section.3.9}{\376\377\0003\000.\0009\000\040\000S\000e\000n\000s\000o\000r\000P\000r\000e\000s\000s\000u\000r\000e\000V\000a\000l\000u\000e\000s\000\137\000t\000\040\000S\000t\000r\000u\000c\000t\000\040\000R\000e\000f\000e\000r\000e\000n\000c\000e}{chapter.3}% 45
\BOOKMARK [1][-]{section.3.10}{\376\377\0003\000.\0001\0000\000\040\000S\000e\000n\000s\000o\000r\000s\000\040\000C\000l\000a\000s\000s\000\040\000R\000e\000f\000e\000r\000e\000n\000c\000e}{chapter.3}% 46
\BOOKMARK [2][-]{subsection.3.10.1}{\376\377\0003\000.\0001\0000\000.\0001\000\040\000D\000e\000t\000a\000i\000l\000e\000d\000\040\000D\000e\000s\000c\000r\000i\000p\000t\000i\000o\000n}{section.3.10}% 47
\BOOKMARK [2][-]{subsection.3.10.2}{\376\377\0003\000.\0001\0000\000.\0002\000\040\000C\000o\000n\000s\000t\000r\000u\000c\000t\000o\000r\000\040\000\046\000\040\000D\000e\000s\000t\000r\000u\000c\000t\000o\000r\000\040\000D\000o\000c\000u\000m\000e\000n\000t\000a\000t\000i\000o\000n}{section.3.10}% 48
\BOOKMARK [3][-]{subsubsection.3.10.2.1}{\376\377\0003\000.\0001\0000\000.\0002\000.\0001\000\040\000S\000e\000n\000s\000o\000r\000s\000\050\000\051}{subsection.3.10.2}% 49
\BOOKMARK [2][-]{subsection.3.10.3}{\376\377\0003\000.\0001\0000\000.\0003\000\040\000M\000e\000m\000b\000e\000r\000\040\000F\000u\000n\000c\000t\000i\000o\000n\000\040\000D\000o\000c\000u\000m\000e\000n\000t\000a\000t\000i\000o\000n}{section.3.10}% 50
\BOOKMARK [3][-]{subsubsection.3.10.3.1}{\376\377\0003\000.\0001\0000\000.\0003\000.\0001\000\040\000b\000e\000g\000i\000n\000\050\000\051}{subsection.3.10.3}% 51
\BOOKMARK [3][-]{subsubsection.3.10.3.2}{\376\377\0003\000.\0001\0000\000.\0003\000.\0002\000\040\000g\000e\000t\000A\000b\000s\000o\000l\000u\000t\000e\000P\000r\000e\000s\000s\000u\000r\000e\000I\000n\000C\000m\000H\0002\000O\000\050\000\051}{subsection.3.10.3}% 52
\BOOKMARK [3][-]{subsubsection.3.10.3.3}{\376\377\0003\000.\0001\0000\000.\0003\000.\0003\000\040\000g\000e\000t\000A\000b\000s\000o\000l\000u\000t\000e\000P\000r\000e\000s\000s\000u\000r\000e\000I\000n\000P\000a\000s\000c\000a\000l\000s\000\050\000\051}{subsection.3.10.3}% 53
\BOOKMARK [3][-]{subsubsection.3.10.3.4}{\376\377\0003\000.\0001\0000\000.\0003\000.\0004\000\040\000g\000e\000t\000F\000l\000o\000w\000\050\000\051}{subsection.3.10.3}% 54
\BOOKMARK [3][-]{subsubsection.3.10.3.5}{\376\377\0003\000.\0001\0000\000.\0003\000.\0005\000\040\000g\000e\000t\000L\000a\000s\000t\000P\000r\000e\000s\000s\000u\000r\000e\000\050\000\051}{subsection.3.10.3}% 55
\BOOKMARK [3][-]{subsubsection.3.10.3.6}{\376\377\0003\000.\0001\0000\000.\0003\000.\0006\000\040\000g\000e\000t\000R\000e\000l\000a\000t\000i\000v\000e\000P\000r\000e\000s\000s\000u\000r\000e\000I\000n\000C\000m\000H\0002\000O\000\050\000\051}{subsection.3.10.3}% 56
\BOOKMARK [3][-]{subsubsection.3.10.3.7}{\376\377\0003\000.\0001\0000\000.\0003\000.\0007\000\040\000g\000e\000t\000V\000o\000l\000u\000m\000e\000\050\000\051}{subsection.3.10.3}% 57
\BOOKMARK [3][-]{subsubsection.3.10.3.8}{\376\377\0003\000.\0001\0000\000.\0003\000.\0008\000\040\000g\000e\000t\000V\000o\000l\000u\000m\000e\000A\000c\000t\000u\000a\000l\000\050\000\051}{subsection.3.10.3}% 58
\BOOKMARK [3][-]{subsubsection.3.10.3.9}{\376\377\0003\000.\0001\0000\000.\0003\000.\0009\000\040\000r\000e\000a\000d\000P\000r\000e\000s\000s\000u\000r\000e\000\050\000\051}{subsection.3.10.3}% 59
\BOOKMARK [3][-]{subsubsection.3.10.3.10}{\376\377\0003\000.\0001\0000\000.\0003\000.\0001\0000\000\040\000r\000e\000a\000d\000V\000o\000l\000u\000m\000e\000\050\000\051}{subsection.3.10.3}% 60
\BOOKMARK [3][-]{subsubsection.3.10.3.11}{\376\377\0003\000.\0001\0000\000.\0003\000.\0001\0001\000\040\000r\000e\000b\000o\000o\000t\000V\000o\000l\000u\000m\000e\000S\000e\000n\000s\000o\000r\000\050\000\051}{subsection.3.10.3}% 61
\BOOKMARK [3][-]{subsubsection.3.10.3.12}{\376\377\0003\000.\0001\0000\000.\0003\000.\0001\0002\000\040\000r\000e\000s\000e\000t\000P\000r\000e\000s\000s\000u\000r\000e\000s\000\050\000\051}{subsection.3.10.3}% 62
\BOOKMARK [3][-]{subsubsection.3.10.3.13}{\376\377\0003\000.\0001\0000\000.\0003\000.\0001\0003\000\040\000r\000u\000t\000i\000n\000a\000D\000e\000A\000u\000t\000o\000a\000j\000u\000s\000t\000e\000\050\000\051}{subsection.3.10.3}% 63
\BOOKMARK [3][-]{subsubsection.3.10.3.14}{\376\377\0003\000.\0001\0000\000.\0003\000.\0001\0004\000\040\000s\000a\000v\000e\000V\000o\000l\000u\000m\000e\000\050\000\051}{subsection.3.10.3}% 64
\BOOKMARK [3][-]{subsubsection.3.10.3.15}{\376\377\0003\000.\0001\0000\000.\0003\000.\0001\0005\000\040\000s\000t\000a\000l\000l\000e\000d\000V\000o\000l\000u\000m\000e\000S\000e\000n\000s\000o\000r\000\050\000\051}{subsection.3.10.3}% 65
\BOOKMARK [1][-]{section.3.11}{\376\377\0003\000.\0001\0001\000\040\000S\000e\000n\000s\000o\000r\000V\000o\000l\000u\000m\000e\000V\000a\000l\000u\000e\000\137\000t\000\040\000S\000t\000r\000u\000c\000t\000\040\000R\000e\000f\000e\000r\000e\000n\000c\000e}{chapter.3}% 66
\BOOKMARK [2][-]{subsection.3.11.1}{\376\377\0003\000.\0001\0001\000.\0001\000\040\000D\000e\000t\000a\000i\000l\000e\000d\000\040\000D\000e\000s\000c\000r\000i\000p\000t\000i\000o\000n}{section.3.11}% 67
\BOOKMARK [1][-]{section.3.12}{\376\377\0003\000.\0001\0002\000\040\000V\000e\000n\000t\000i\000l\000a\000t\000i\000o\000n\000O\000p\000t\000i\000o\000n\000s\000\137\000t\000\040\000S\000t\000r\000u\000c\000t\000\040\000R\000e\000f\000e\000r\000e\000n\000c\000e}{chapter.3}% 68
\BOOKMARK [0][-]{chapter.4}{\376\377\0004\000\040\000F\000i\000l\000e\000\040\000D\000o\000c\000u\000m\000e\000n\000t\000a\000t\000i\000o\000n}{}% 69
\BOOKMARK [1][-]{section.4.1}{\376\377\0004\000.\0001\000\040\000c\000a\000l\000c\000.\000c\000p\000p\000\040\000F\000i\000l\000e\000\040\000R\000e\000f\000e\000r\000e\000n\000c\000e}{chapter.4}% 70
\BOOKMARK [2][-]{subsection.4.1.1}{\376\377\0004\000.\0001\000.\0001\000\040\000D\000e\000t\000a\000i\000l\000e\000d\000\040\000D\000e\000s\000c\000r\000i\000p\000t\000i\000o\000n}{section.4.1}% 71
\BOOKMARK [2][-]{subsection.4.1.2}{\376\377\0004\000.\0001\000.\0002\000\040\000F\000u\000n\000c\000t\000i\000o\000n\000\040\000D\000o\000c\000u\000m\000e\000n\000t\000a\000t\000i\000o\000n}{section.4.1}% 72
\BOOKMARK [3][-]{subsubsection.4.1.2.1}{\376\377\0004\000.\0001\000.\0002\000.\0001\000\040\000e\000s\000t\000i\000m\000a\000t\000e\000T\000i\000d\000a\000l\000V\000o\000l\000u\000m\000e\000\050\000\051}{subsection.4.1.2}% 73
\BOOKMARK [3][-]{subsubsection.4.1.2.2}{\376\377\0004\000.\0001\000.\0002\000.\0002\000\040\000Q\000u\000i\000c\000k\000S\000e\000l\000e\000c\000t\000M\000e\000d\000i\000a\000n\000\050\000\051}{subsection.4.1.2}% 74
\BOOKMARK [3][-]{subsubsection.4.1.2.3}{\376\377\0004\000.\0001\000.\0002\000.\0003\000\040\000r\000e\000f\000r\000e\000s\000h\000W\000a\000t\000c\000h\000D\000o\000g\000T\000i\000m\000e\000r\000\050\000\051}{subsection.4.1.2}% 75
\BOOKMARK [1][-]{section.4.2}{\376\377\0004\000.\0002\000\040\000c\000a\000l\000c\000.\000h\000\040\000F\000i\000l\000e\000\040\000R\000e\000f\000e\000r\000e\000n\000c\000e}{chapter.4}% 76
\BOOKMARK [2][-]{subsection.4.2.1}{\376\377\0004\000.\0002\000.\0001\000\040\000D\000e\000t\000a\000i\000l\000e\000d\000\040\000D\000e\000s\000c\000r\000i\000p\000t\000i\000o\000n}{section.4.2}% 77
\BOOKMARK [2][-]{subsection.4.2.2}{\376\377\0004\000.\0002\000.\0002\000\040\000F\000u\000n\000c\000t\000i\000o\000n\000\040\000D\000o\000c\000u\000m\000e\000n\000t\000a\000t\000i\000o\000n}{section.4.2}% 78
\BOOKMARK [3][-]{subsubsection.4.2.2.1}{\376\377\0004\000.\0002\000.\0002\000.\0001\000\040\000e\000s\000t\000i\000m\000a\000t\000e\000T\000i\000d\000a\000l\000V\000o\000l\000u\000m\000e\000\050\000\051}{subsection.4.2.2}% 79
\BOOKMARK [3][-]{subsubsection.4.2.2.2}{\376\377\0004\000.\0002\000.\0002\000.\0002\000\040\000Q\000u\000i\000c\000k\000S\000e\000l\000e\000c\000t\000M\000e\000d\000i\000a\000n\000\050\000\051}{subsection.4.2.2}% 80
\BOOKMARK [3][-]{subsubsection.4.2.2.3}{\376\377\0004\000.\0002\000.\0002\000.\0003\000\040\000r\000e\000f\000r\000e\000s\000h\000W\000a\000t\000c\000h\000D\000o\000g\000T\000i\000m\000e\000r\000\050\000\051}{subsection.4.2.2}% 81
\BOOKMARK [1][-]{section.4.3}{\376\377\0004\000.\0003\000\040\000d\000e\000f\000a\000u\000l\000t\000s\000.\000h\000\040\000F\000i\000l\000e\000\040\000R\000e\000f\000e\000r\000e\000n\000c\000e}{chapter.4}% 82
\BOOKMARK [2][-]{subsection.4.3.1}{\376\377\0004\000.\0003\000.\0001\000\040\000D\000e\000t\000a\000i\000l\000e\000d\000\040\000D\000e\000s\000c\000r\000i\000p\000t\000i\000o\000n}{section.4.3}% 83
\BOOKMARK [2][-]{subsection.4.3.2}{\376\377\0004\000.\0003\000.\0002\000\040\000M\000a\000c\000r\000o\000\040\000D\000e\000f\000i\000n\000i\000t\000i\000o\000n\000\040\000D\000o\000c\000u\000m\000e\000n\000t\000a\000t\000i\000o\000n}{section.4.3}% 84
\BOOKMARK [3][-]{subsubsection.4.3.2.1}{\376\377\0004\000.\0003\000.\0002\000.\0001\000\040\000A\000l\000a\000r\000m\000\137\000b\000r\000e\000a\000t\000h\000e\000\137\000D\000I\000S}{subsection.4.3.2}% 85
\BOOKMARK [3][-]{subsubsection.4.3.2.2}{\376\377\0004\000.\0003\000.\0002\000.\0002\000\040\000A\000l\000a\000r\000m\000\137\000d\000e\000s\000c\000o\000n\000e\000c\000t\000e\000d\000\137\000D\000I\000S}{subsection.4.3.2}% 86
\BOOKMARK [3][-]{subsubsection.4.3.2.3}{\376\377\0004\000.\0003\000.\0002\000.\0003\000\040\000A\000l\000a\000r\000m\000\137\000N\000o\000\137\000F\000l\000u\000x\000\137\000D\000I\000S}{subsection.4.3.2}% 87
\BOOKMARK [3][-]{subsubsection.4.3.2.4}{\376\377\0004\000.\0003\000.\0002\000.\0004\000\040\000A\000l\000a\000r\000m\000\137\000N\000o\000\137\000F\000l\000u\000x\000\137\000E\000N}{subsection.4.3.2}% 88
\BOOKMARK [3][-]{subsubsection.4.3.2.5}{\376\377\0004\000.\0003\000.\0002\000.\0005\000\040\000A\000l\000a\000r\000m\000\137\000O\000v\000e\000r\000p\000r\000e\000s\000s\000u\000r\000e\000\137\000D\000I\000S}{subsection.4.3.2}% 89
\BOOKMARK [3][-]{subsubsection.4.3.2.6}{\376\377\0004\000.\0003\000.\0002\000.\0006\000\040\000D\000E\000F\000A\000U\000L\000T\000\137\000B\000Y\000A\000R\000R\000A\000Y\000\137\000V\000O\000L\000T\000I\000L\000D\000A\000L}{subsection.4.3.2}% 90
\BOOKMARK [3][-]{subsubsection.4.3.2.7}{\376\377\0004\000.\0003\000.\0002\000.\0007\000\040\000D\000E\000F\000A\000U\000L\000T\000\137\000P\000A\000\137\000T\000O\000\137\000C\000M\000\137\000H\0002\000O}{subsection.4.3.2}% 91
\BOOKMARK [3][-]{subsubsection.4.3.2.8}{\376\377\0004\000.\0003\000.\0002\000.\0008\000\040\000D\000E\000F\000A\000U\000L\000T\000\137\000T\000I\000N\000S}{subsection.4.3.2}% 92
\BOOKMARK [3][-]{subsubsection.4.3.2.9}{\376\377\0004\000.\0003\000.\0002\000.\0009\000\040\000N\000o\000\137\000A\000l\000a\000r\000m}{subsection.4.3.2}% 93
\BOOKMARK [3][-]{subsubsection.4.3.2.10}{\376\377\0004\000.\0003\000.\0002\000.\0001\0000\000\040\000P\000I\000N\000\137\000M\000P\000X\000\137\000D\000A\000T\000A}{subsection.4.3.2}% 94
\BOOKMARK [3][-]{subsubsection.4.3.2.11}{\376\377\0004\000.\0003\000.\0002\000.\0001\0001\000\040\000P\000I\000N\000\137\000M\000P\000X\000\137\000F\000L\000O\000W}{subsection.4.3.2}% 95
\BOOKMARK [3][-]{subsubsection.4.3.2.12}{\376\377\0004\000.\0003\000.\0002\000.\0001\0002\000\040\000S\000O\000L\000E\000N\000O\000I\000D\000\137\000C\000L\000O\000S\000E\000D}{subsection.4.3.2}% 96
\BOOKMARK [3][-]{subsubsection.4.3.2.13}{\376\377\0004\000.\0003\000.\0002\000.\0001\0003\000\040\000S\000T\000E\000P\000P\000E\000R\000\137\000H\000I\000G\000H\000E\000S\000T\000\137\000P\000O\000S\000I\000T\000I\000O\000N}{subsection.4.3.2}% 97
\BOOKMARK [3][-]{subsubsection.4.3.2.14}{\376\377\0004\000.\0003\000.\0002\000.\0001\0004\000\040\000S\000T\000E\000P\000P\000E\000R\000\137\000L\000O\000W\000E\000S\000T\000\137\000P\000O\000S\000I\000T\000I\000O\000N}{subsection.4.3.2}% 98
\BOOKMARK [3][-]{subsubsection.4.3.2.15}{\376\377\0004\000.\0003\000.\0002\000.\0001\0005\000\040\000S\000T\000E\000P\000P\000E\000R\000\137\000M\000I\000C\000R\000O\000S\000T\000E\000P\000S}{subsection.4.3.2}% 99
\BOOKMARK [3][-]{subsubsection.4.3.2.16}{\376\377\0004\000.\0003\000.\0002\000.\0001\0006\000\040\000S\000T\000E\000P\000P\000E\000R\000\137\000P\000E\000E\000P\000\137\000S\000O\000L\000E\000N\000O\000I\000D\000\137\000H\000Y\000S\000T\000E\000R\000E\000S\000I\000S}{subsection.4.3.2}% 100
\BOOKMARK [1][-]{section.4.4}{\376\377\0004\000.\0004\000\040\000M\000e\000c\000h\000V\000e\000n\000t\000i\000l\000a\000t\000i\000o\000n\000.\000c\000p\000p\000\040\000F\000i\000l\000e\000\040\000R\000e\000f\000e\000r\000e\000n\000c\000e}{chapter.4}% 101
\BOOKMARK [2][-]{subsection.4.4.1}{\376\377\0004\000.\0004\000.\0001\000\040\000D\000e\000t\000a\000i\000l\000e\000d\000\040\000D\000e\000s\000c\000r\000i\000p\000t\000i\000o\000n}{section.4.4}% 102
\BOOKMARK [1][-]{section.4.5}{\376\377\0004\000.\0005\000\040\000M\000e\000c\000h\000V\000e\000n\000t\000i\000l\000a\000t\000i\000o\000n\000.\000h\000\040\000F\000i\000l\000e\000\040\000R\000e\000f\000e\000r\000e\000n\000c\000e}{chapter.4}% 103
\BOOKMARK [2][-]{subsection.4.5.1}{\376\377\0004\000.\0005\000.\0001\000\040\000D\000e\000t\000a\000i\000l\000e\000d\000\040\000D\000e\000s\000c\000r\000i\000p\000t\000i\000o\000n}{section.4.5}% 104
\BOOKMARK [2][-]{subsection.4.5.2}{\376\377\0004\000.\0005\000.\0002\000\040\000E\000n\000u\000m\000e\000r\000a\000t\000i\000o\000n\000\040\000T\000y\000p\000e\000\040\000D\000o\000c\000u\000m\000e\000n\000t\000a\000t\000i\000o\000n}{section.4.5}% 105
\BOOKMARK [3][-]{subsubsection.4.5.2.1}{\376\377\0004\000.\0005\000.\0002\000.\0001\000\040\000S\000t\000a\000t\000e}{subsection.4.5.2}% 106
\BOOKMARK [2][-]{subsection.4.5.3}{\376\377\0004\000.\0005\000.\0003\000\040\000V\000a\000r\000i\000a\000b\000l\000e\000\040\000D\000o\000c\000u\000m\000e\000n\000t\000a\000t\000i\000o\000n}{section.4.5}% 107
\BOOKMARK [3][-]{subsubsection.4.5.3.1}{\376\377\0004\000.\0005\000.\0003\000.\0001\000\040\000H\000O\000L\000D\000\137\000I\000N\000\137\000D\000U\000R\000A\000T\000I\000O\000N}{subsection.4.5.3}% 108
\BOOKMARK [3][-]{subsubsection.4.5.3.2}{\376\377\0004\000.\0005\000.\0003\000.\0002\000\040\000V\000o\000l\000u\000T\000i\000d\000a\000l}{subsection.4.5.3}% 109
\BOOKMARK [1][-]{section.4.6}{\376\377\0004\000.\0006\000\040\000m\000p\000x\000.\000c\000p\000p\000\040\000F\000i\000l\000e\000\040\000R\000e\000f\000e\000r\000e\000n\000c\000e}{chapter.4}% 110
\BOOKMARK [2][-]{subsection.4.6.1}{\376\377\0004\000.\0006\000.\0001\000\040\000D\000e\000t\000a\000i\000l\000e\000d\000\040\000D\000e\000s\000c\000r\000i\000p\000t\000i\000o\000n}{section.4.6}% 111
\BOOKMARK [1][-]{section.4.7}{\376\377\0004\000.\0007\000\040\000m\000p\000x\000.\000h\000\040\000F\000i\000l\000e\000\040\000R\000e\000f\000e\000r\000e\000n\000c\000e}{chapter.4}% 112
\BOOKMARK [2][-]{subsection.4.7.1}{\376\377\0004\000.\0007\000.\0001\000\040\000D\000e\000t\000a\000i\000l\000e\000d\000\040\000D\000e\000s\000c\000r\000i\000p\000t\000i\000o\000n}{section.4.7}% 113
\BOOKMARK [1][-]{section.4.8}{\376\377\0004\000.\0008\000\040\000r\000e\000s\000p\000i\000\137\000E\000s\000p\000\137\000M\000i\000t\000.\000i\000n\000o\000\040\000F\000i\000l\000e\000\040\000R\000e\000f\000e\000r\000e\000n\000c\000e}{chapter.4}% 114
\BOOKMARK [2][-]{subsection.4.8.1}{\376\377\0004\000.\0008\000.\0001\000\040\000D\000e\000t\000a\000i\000l\000e\000d\000\040\000D\000e\000s\000c\000r\000i\000p\000t\000i\000o\000n}{section.4.8}% 115
\BOOKMARK [2][-]{subsection.4.8.2}{\376\377\0004\000.\0008\000.\0002\000\040\000F\000u\000n\000c\000t\000i\000o\000n\000\040\000D\000o\000c\000u\000m\000e\000n\000t\000a\000t\000i\000o\000n}{section.4.8}% 116
\BOOKMARK [3][-]{subsubsection.4.8.2.1}{\376\377\0004\000.\0008\000.\0002\000.\0001\000\040\000l\000o\000o\000p\000\050\000\051}{subsection.4.8.2}% 117
\BOOKMARK [3][-]{subsubsection.4.8.2.2}{\376\377\0004\000.\0008\000.\0002\000.\0002\000\040\000r\000e\000a\000d\000I\000n\000c\000o\000m\000i\000n\000g\000M\000s\000g\000\050\000\051}{subsection.4.8.2}% 118
\BOOKMARK [3][-]{subsubsection.4.8.2.3}{\376\377\0004\000.\0008\000.\0002\000.\0003\000\040\000s\000e\000t\000u\000p\000\050\000\051}{subsection.4.8.2}% 119
\BOOKMARK [2][-]{subsection.4.8.3}{\376\377\0004\000.\0008\000.\0003\000\040\000V\000a\000r\000i\000a\000b\000l\000e\000\040\000D\000o\000c\000u\000m\000e\000n\000t\000a\000t\000i\000o\000n}{section.4.8}% 120
\BOOKMARK [3][-]{subsubsection.4.8.3.1}{\376\377\0004\000.\0008\000.\0003\000.\0001\000\040\000p\000i\000m}{subsection.4.8.3}% 121
\BOOKMARK [3][-]{subsubsection.4.8.3.2}{\376\377\0004\000.\0008\000.\0003\000.\0002\000\040\000s\000t\000e\000p\000p\000e\000r}{subsection.4.8.3}% 122
\BOOKMARK [1][-]{section.4.9}{\376\377\0004\000.\0009\000\040\000S\000e\000n\000s\000o\000r\000s\000.\000c\000p\000p\000\040\000F\000i\000l\000e\000\040\000R\000e\000f\000e\000r\000e\000n\000c\000e}{chapter.4}% 123
\BOOKMARK [2][-]{subsection.4.9.1}{\376\377\0004\000.\0009\000.\0001\000\040\000D\000e\000t\000a\000i\000l\000e\000d\000\040\000D\000e\000s\000c\000r\000i\000p\000t\000i\000o\000n}{section.4.9}% 124
\BOOKMARK [1][-]{section.4.10}{\376\377\0004\000.\0001\0000\000\040\000S\000e\000n\000s\000o\000r\000s\000.\000h\000\040\000F\000i\000l\000e\000\040\000R\000e\000f\000e\000r\000e\000n\000c\000e}{chapter.4}% 125
\BOOKMARK [2][-]{subsection.4.10.1}{\376\377\0004\000.\0001\0000\000.\0001\000\040\000D\000e\000t\000a\000i\000l\000e\000d\000\040\000D\000e\000s\000c\000r\000i\000p\000t\000i\000o\000n}{section.4.10}% 126
\BOOKMARK [0][-]{section*.27}{\376\377\000I\000n\000d\000e\000x}{}% 127
